{"/home/runner/work/fsm_test_01/fsm_test_01/frontend/packages/identity/src/components/LoginPage.css": {"path":"/home/runner/work/fsm_test_01/fsm_test_01/frontend/packages/identity/src/components/LoginPage.css","statementMap":{},"fnMap":{},"branchMap":{},"s":{},"f":{},"b":{},"meta":{"lastBranch":0,"lastFunction":0,"lastStatement":0,"seen":{}}}
,"/home/runner/work/fsm_test_01/fsm_test_01/frontend/packages/identity/src/components/LoginPage.jsx": {"path":"/home/runner/work/fsm_test_01/fsm_test_01/frontend/packages/identity/src/components/LoginPage.jsx","statementMap":{"0":{"start":{"line":4,"column":21},"end":{"line":4,"column":null}},"1":{"start":{"line":6,"column":18},"end":{"line":175,"column":null}},"2":{"start":{"line":7,"column":24},"end":{"line":7,"column":null}},"3":{"start":{"line":8,"column":30},"end":{"line":8,"column":null}},"4":{"start":{"line":9,"column":26},"end":{"line":9,"column":null}},"5":{"start":{"line":10,"column":32},"end":{"line":10,"column":null}},"6":{"start":{"line":11,"column":38},"end":{"line":11,"column":null}},"7":{"start":{"line":13,"column":24},"end":{"line":16,"column":null}},"8":{"start":{"line":14,"column":23},"end":{"line":14,"column":null}},"9":{"start":{"line":15,"column":4},"end":{"line":15,"column":null}},"10":{"start":{"line":18,"column":23},"end":{"line":33,"column":null}},"11":{"start":{"line":19,"column":22},"end":{"line":19,"column":null}},"12":{"start":{"line":21,"column":4},"end":{"line":25,"column":null}},"13":{"start":{"line":22,"column":6},"end":{"line":22,"column":null}},"14":{"start":{"line":23,"column":4},"end":{"line":25,"column":null}},"15":{"start":{"line":24,"column":6},"end":{"line":24,"column":null}},"16":{"start":{"line":27,"column":4},"end":{"line":29,"column":null}},"17":{"start":{"line":28,"column":6},"end":{"line":28,"column":null}},"18":{"start":{"line":31,"column":4},"end":{"line":31,"column":null}},"19":{"start":{"line":32,"column":4},"end":{"line":32,"column":null}},"20":{"start":{"line":35,"column":23},"end":{"line":78,"column":null}},"21":{"start":{"line":36,"column":4},"end":{"line":36,"column":null}},"22":{"start":{"line":37,"column":4},"end":{"line":37,"column":null}},"23":{"start":{"line":39,"column":4},"end":{"line":41,"column":null}},"24":{"start":{"line":40,"column":6},"end":{"line":40,"column":null}},"25":{"start":{"line":43,"column":4},"end":{"line":43,"column":null}},"26":{"start":{"line":45,"column":4},"end":{"line":77,"column":null}},"27":{"start":{"line":46,"column":23},"end":{"line":56,"column":null}},"28":{"start":{"line":58,"column":19},"end":{"line":58,"column":null}},"29":{"start":{"line":60,"column":6},"end":{"line":62,"column":null}},"30":{"start":{"line":61,"column":8},"end":{"line":61,"column":null}},"31":{"start":{"line":65,"column":6},"end":{"line":65,"column":null}},"32":{"start":{"line":66,"column":6},"end":{"line":66,"column":null}},"33":{"start":{"line":67,"column":6},"end":{"line":67,"column":null}},"34":{"start":{"line":68,"column":6},"end":{"line":68,"column":null}},"35":{"start":{"line":69,"column":6},"end":{"line":69,"column":null}},"36":{"start":{"line":72,"column":6},"end":{"line":72,"column":null}},"37":{"start":{"line":74,"column":6},"end":{"line":74,"column":null}},"38":{"start":{"line":76,"column":6},"end":{"line":76,"column":null}},"39":{"start":{"line":80,"column":34},"end":{"line":93,"column":null}},"40":{"start":{"line":81,"column":27},"end":{"line":86,"column":null}},"41":{"start":{"line":88,"column":17},"end":{"line":88,"column":null}},"42":{"start":{"line":92,"column":4},"end":{"line":92,"column":null}},"43":{"start":{"line":95,"column":28},"end":{"line":100,"column":null}},"44":{"start":{"line":96,"column":4},"end":{"line":96,"column":null}},"45":{"start":{"line":97,"column":4},"end":{"line":99,"column":null}},"46":{"start":{"line":98,"column":6},"end":{"line":98,"column":null}},"47":{"start":{"line":102,"column":31},"end":{"line":107,"column":null}},"48":{"start":{"line":103,"column":4},"end":{"line":103,"column":null}},"49":{"start":{"line":104,"column":4},"end":{"line":106,"column":null}},"50":{"start":{"line":105,"column":6},"end":{"line":105,"column":null}},"51":{"start":{"line":109,"column":2},"end":{"line":173,"column":null}}},"fnMap":{"0":{"name":"(anonymous_0)","decl":{"start":{"line":6,"column":18},"end":{"line":6,"column":24}},"loc":{"start":{"line":6,"column":24},"end":{"line":175,"column":null}},"line":6},"1":{"name":"(anonymous_1)","decl":{"start":{"line":13,"column":24},"end":{"line":13,"column":25}},"loc":{"start":{"line":13,"column":35},"end":{"line":16,"column":null}},"line":13},"2":{"name":"(anonymous_2)","decl":{"start":{"line":18,"column":23},"end":{"line":18,"column":29}},"loc":{"start":{"line":18,"column":29},"end":{"line":33,"column":null}},"line":18},"3":{"name":"(anonymous_3)","decl":{"start":{"line":35,"column":23},"end":{"line":35,"column":30}},"loc":{"start":{"line":35,"column":36},"end":{"line":78,"column":null}},"line":35},"4":{"name":"(anonymous_4)","decl":{"start":{"line":80,"column":34},"end":{"line":80,"column":35}},"loc":{"start":{"line":80,"column":44},"end":{"line":93,"column":null}},"line":80},"5":{"name":"(anonymous_5)","decl":{"start":{"line":95,"column":28},"end":{"line":95,"column":29}},"loc":{"start":{"line":95,"column":35},"end":{"line":100,"column":null}},"line":95},"6":{"name":"(anonymous_6)","decl":{"start":{"line":102,"column":31},"end":{"line":102,"column":32}},"loc":{"start":{"line":102,"column":38},"end":{"line":107,"column":null}},"line":102}},"branchMap":{"0":{"loc":{"start":{"line":21,"column":4},"end":{"line":25,"column":null}},"type":"if","locations":[{"start":{"line":21,"column":4},"end":{"line":25,"column":null}},{"start":{"line":23,"column":4},"end":{"line":25,"column":null}}],"line":21},"1":{"loc":{"start":{"line":23,"column":4},"end":{"line":25,"column":null}},"type":"if","locations":[{"start":{"line":23,"column":4},"end":{"line":25,"column":null}},{"start":{},"end":{}}],"line":23},"2":{"loc":{"start":{"line":27,"column":4},"end":{"line":29,"column":null}},"type":"if","locations":[{"start":{"line":27,"column":4},"end":{"line":29,"column":null}},{"start":{},"end":{}}],"line":27},"3":{"loc":{"start":{"line":39,"column":4},"end":{"line":41,"column":null}},"type":"if","locations":[{"start":{"line":39,"column":4},"end":{"line":41,"column":null}},{"start":{},"end":{}}],"line":39},"4":{"loc":{"start":{"line":60,"column":6},"end":{"line":62,"column":null}},"type":"if","locations":[{"start":{"line":60,"column":6},"end":{"line":62,"column":null}},{"start":{},"end":{}}],"line":60},"5":{"loc":{"start":{"line":61,"column":24},"end":{"line":61,"column":61}},"type":"binary-expr","locations":[{"start":{"line":61,"column":24},"end":{"line":61,"column":40}},{"start":{"line":61,"column":40},"end":{"line":61,"column":61}}],"line":61},"6":{"loc":{"start":{"line":74,"column":22},"end":{"line":74,"column":72}},"type":"binary-expr","locations":[{"start":{"line":74,"column":22},"end":{"line":74,"column":39}},{"start":{"line":74,"column":39},"end":{"line":74,"column":72}}],"line":74},"7":{"loc":{"start":{"line":88,"column":17},"end":{"line":88,"column":null}},"type":"binary-expr","locations":[{"start":{"line":88,"column":17},"end":{"line":88,"column":41}},{"start":{"line":88,"column":41},"end":{"line":88,"column":null}}],"line":88},"8":{"loc":{"start":{"line":97,"column":4},"end":{"line":99,"column":null}},"type":"if","locations":[{"start":{"line":97,"column":4},"end":{"line":99,"column":null}},{"start":{},"end":{}}],"line":97},"9":{"loc":{"start":{"line":104,"column":4},"end":{"line":106,"column":null}},"type":"if","locations":[{"start":{"line":104,"column":4},"end":{"line":106,"column":null}},{"start":{},"end":{}}],"line":104},"10":{"loc":{"start":{"line":115,"column":9},"end":{"line":118,"column":null}},"type":"binary-expr","locations":[{"start":{"line":115,"column":9},"end":{"line":115,"column":null}},{"start":{"line":116,"column":10},"end":{"line":118,"column":null}}],"line":115},"11":{"loc":{"start":{"line":129,"column":39},"end":{"line":129,"column":72}},"type":"cond-expr","locations":[{"start":{"line":129,"column":54},"end":{"line":129,"column":70}},{"start":{"line":129,"column":70},"end":{"line":129,"column":72}}],"line":129},"12":{"loc":{"start":{"line":133,"column":28},"end":{"line":133,"column":null}},"type":"cond-expr","locations":[{"start":{"line":133,"column":43},"end":{"line":133,"column":52}},{"start":{"line":133,"column":52},"end":{"line":133,"column":null}}],"line":133},"13":{"loc":{"start":{"line":134,"column":32},"end":{"line":134,"column":null}},"type":"cond-expr","locations":[{"start":{"line":134,"column":47},"end":{"line":134,"column":63}},{"start":{"line":134,"column":63},"end":{"line":134,"column":null}}],"line":134},"14":{"loc":{"start":{"line":136,"column":13},"end":{"line":139,"column":null}},"type":"binary-expr","locations":[{"start":{"line":136,"column":13},"end":{"line":136,"column":null}},{"start":{"line":137,"column":14},"end":{"line":139,"column":null}}],"line":136},"15":{"loc":{"start":{"line":150,"column":39},"end":{"line":150,"column":75}},"type":"cond-expr","locations":[{"start":{"line":150,"column":57},"end":{"line":150,"column":73}},{"start":{"line":150,"column":73},"end":{"line":150,"column":75}}],"line":150},"16":{"loc":{"start":{"line":154,"column":28},"end":{"line":154,"column":null}},"type":"cond-expr","locations":[{"start":{"line":154,"column":46},"end":{"line":154,"column":55}},{"start":{"line":154,"column":55},"end":{"line":154,"column":null}}],"line":154},"17":{"loc":{"start":{"line":155,"column":32},"end":{"line":155,"column":null}},"type":"cond-expr","locations":[{"start":{"line":155,"column":50},"end":{"line":155,"column":69}},{"start":{"line":155,"column":69},"end":{"line":155,"column":null}}],"line":155},"18":{"loc":{"start":{"line":157,"column":13},"end":{"line":160,"column":null}},"type":"binary-expr","locations":[{"start":{"line":157,"column":13},"end":{"line":157,"column":null}},{"start":{"line":158,"column":14},"end":{"line":160,"column":null}}],"line":157},"19":{"loc":{"start":{"line":169,"column":13},"end":{"line":169,"column":null}},"type":"cond-expr","locations":[{"start":{"line":169,"column":25},"end":{"line":169,"column":43}},{"start":{"line":169,"column":43},"end":{"line":169,"column":null}}],"line":169}},"s":{"0":1,"1":1,"2":367,"3":367,"4":367,"5":367,"6":367,"7":367,"8":12,"9":12,"10":367,"11":20,"12":20,"13":8,"14":12,"15":1,"16":20,"17":9,"18":20,"19":20,"20":367,"21":20,"22":20,"23":20,"24":9,"25":11,"26":11,"27":11,"28":10,"29":10,"30":2,"31":8,"32":8,"33":8,"34":8,"35":8,"36":8,"37":3,"38":11,"39":367,"40":8,"41":8,"42":8,"43":367,"44":190,"45":190,"46":1,"47":367,"48":124,"49":124,"50":1,"51":367},"f":{"0":367,"1":12,"2":20,"3":20,"4":8,"5":190,"6":124},"b":{"0":[8,12],"1":[1,11],"2":[9,11],"3":[9,11],"4":[2,8],"5":[2,1],"6":[3,0],"7":[8,1],"8":[1,189],"9":[1,123],"10":[367,3],"11":[10,357],"12":[10,357],"13":[10,357],"14":[367,10],"15":[10,357],"16":[10,357],"17":[10,357],"18":[367,10],"19":[11,356]},"meta":{"lastBranch":20,"lastFunction":7,"lastStatement":52,"seen":{"s:4:21:4:Infinity":0,"s:6:18:175:Infinity":1,"f:6:18:6:24":0,"s:7:24:7:Infinity":2,"s:8:30:8:Infinity":3,"s:9:26:9:Infinity":4,"s:10:32:10:Infinity":5,"s:11:38:11:Infinity":6,"s:13:24:16:Infinity":7,"f:13:24:13:25":1,"s:14:23:14:Infinity":8,"s:15:4:15:Infinity":9,"s:18:23:33:Infinity":10,"f:18:23:18:29":2,"s:19:22:19:Infinity":11,"b:21:4:25:Infinity:23:4:25:Infinity":0,"s:21:4:25:Infinity":12,"s:22:6:22:Infinity":13,"b:23:4:25:Infinity:undefined:undefined:undefined:undefined":1,"s:23:4:25:Infinity":14,"s:24:6:24:Infinity":15,"b:27:4:29:Infinity:undefined:undefined:undefined:undefined":2,"s:27:4:29:Infinity":16,"s:28:6:28:Infinity":17,"s:31:4:31:Infinity":18,"s:32:4:32:Infinity":19,"s:35:23:78:Infinity":20,"f:35:23:35:30":3,"s:36:4:36:Infinity":21,"s:37:4:37:Infinity":22,"b:39:4:41:Infinity:undefined:undefined:undefined:undefined":3,"s:39:4:41:Infinity":23,"s:40:6:40:Infinity":24,"s:43:4:43:Infinity":25,"s:45:4:77:Infinity":26,"s:46:23:56:Infinity":27,"s:58:19:58:Infinity":28,"b:60:6:62:Infinity:undefined:undefined:undefined:undefined":4,"s:60:6:62:Infinity":29,"s:61:8:61:Infinity":30,"b:61:24:61:40:61:40:61:61":5,"s:65:6:65:Infinity":31,"s:66:6:66:Infinity":32,"s:67:6:67:Infinity":33,"s:68:6:68:Infinity":34,"s:69:6:69:Infinity":35,"s:72:6:72:Infinity":36,"s:74:6:74:Infinity":37,"b:74:22:74:39:74:39:74:72":6,"s:76:6:76:Infinity":38,"s:80:34:93:Infinity":39,"f:80:34:80:35":4,"s:81:27:86:Infinity":40,"s:88:17:88:Infinity":41,"b:88:17:88:41:88:41:88:Infinity":7,"s:92:4:92:Infinity":42,"s:95:28:100:Infinity":43,"f:95:28:95:29":5,"s:96:4:96:Infinity":44,"b:97:4:99:Infinity:undefined:undefined:undefined:undefined":8,"s:97:4:99:Infinity":45,"s:98:6:98:Infinity":46,"s:102:31:107:Infinity":47,"f:102:31:102:32":6,"s:103:4:103:Infinity":48,"b:104:4:106:Infinity:undefined:undefined:undefined:undefined":9,"s:104:4:106:Infinity":49,"s:105:6:105:Infinity":50,"s:109:2:173:Infinity":51,"b:115:9:115:Infinity:116:10:118:Infinity":10,"b:129:54:129:70:129:70:129:72":11,"b:133:43:133:52:133:52:133:Infinity":12,"b:134:47:134:63:134:63:134:Infinity":13,"b:136:13:136:Infinity:137:14:139:Infinity":14,"b:150:57:150:73:150:73:150:75":15,"b:154:46:154:55:154:55:154:Infinity":16,"b:155:50:155:69:155:69:155:Infinity":17,"b:157:13:157:Infinity:158:14:160:Infinity":18,"b:169:25:169:43:169:43:169:Infinity":19}}}
}
